<?xml version="1.0" encoding="UTF-8"?>
<testng-results skipped="0" failed="0" ignored="0" total="1" passed="1">
  <reporter-output>
  </reporter-output>
  <suite name="Default suite" duration-ms="11837" started-at="2022-01-03T22:41:32 IST" finished-at="2022-01-03T22:41:44 IST">
    <groups>
    </groups>
    <test name="Default test" duration-ms="11837" started-at="2022-01-03T22:41:32 IST" finished-at="2022-01-03T22:41:44 IST">
      <class name="allure.gradle.project.TestCase">
        <test-method status="PASS" signature="baseMethodConfiguration()[pri:0, instance:allure.gradle.project.TestCase@2f7298b]" name="baseMethodConfiguration" is-config="true" duration-ms="10017" started-at="2022-01-03T22:41:32 IST" finished-at="2022-01-03T22:41:42 IST">
          <reporter-output>
          </reporter-output>
        </test-method> <!-- baseMethodConfiguration -->
        <test-method status="PASS" signature="validateBasicFields()[pri:0, instance:allure.gradle.project.TestCase@2f7298b]" name="validateBasicFields" duration-ms="1398" started-at="2022-01-03T22:41:42 IST" finished-at="2022-01-03T22:41:43 IST">
          <reporter-output>
          </reporter-output>
        </test-method> <!-- validateBasicFields -->
        <test-method status="PASS" signature="afterMethodConfiguration()[pri:0, instance:allure.gradle.project.TestCase@2f7298b]" name="afterMethodConfiguration" is-config="true" duration-ms="149" started-at="2022-01-03T22:41:43 IST" finished-at="2022-01-03T22:41:44 IST">
          <reporter-output>
          </reporter-output>
        </test-method> <!-- afterMethodConfiguration -->
      </class> <!-- allure.gradle.project.TestCase -->
    </test> <!-- Default test -->
  </suite> <!-- Default suite -->
</testng-results>
